0 info it worked if it ends with ok
1 verbose cli [ '/usr/local/Cellar/node/5.8.0/bin/node',
1 verbose cli   '/usr/local/bin/npm',
1 verbose cli   'run',
1 verbose cli   'test' ]
2 info using npm@3.7.3
3 info using node@v5.8.0
4 verbose run-script [ 'pretest', 'test', 'posttest' ]
5 info lifecycle mongo-user-test@1.0.0~pretest: mongo-user-test@1.0.0
6 silly lifecycle mongo-user-test@1.0.0~pretest: no script for pretest, continuing
7 info lifecycle mongo-user-test@1.0.0~test: mongo-user-test@1.0.0
8 verbose lifecycle mongo-user-test@1.0.0~test: unsafe-perm in lifecycle true
9 verbose lifecycle mongo-user-test@1.0.0~test: PATH: /usr/local/lib/node_modules/npm/bin/node-gyp-bin:/Users/justinpettit/projects/mean/stephen/mongo-user-test/node_modules/.bin:/usr/local/Cellar/node/5.8.0/bin:/Users/justinpettit/.rvm/gems/ruby-2.3.1/bin:/Users/justinpettit/.rvm/gems/ruby-2.3.1@global/bin:/Users/justinpettit/.rvm/rubies/ruby-2.3.1/bin:/usr/local/bin:/usr/bin:/bin:/usr/sbin:/sbin:/Users/justinpettit/.rvm/bin
10 verbose lifecycle mongo-user-test@1.0.0~test: CWD: /Users/justinpettit/projects/mean/stephen/mongo-user-test
11 silly lifecycle mongo-user-test@1.0.0~test: Args: [ '-c', 'mocha' ]
12 silly lifecycle mongo-user-test@1.0.0~test: Returned: code: 1  signal: null
13 info lifecycle mongo-user-test@1.0.0~test: Failed to exec test script
14 verbose stack Error: mongo-user-test@1.0.0 test: `mocha`
14 verbose stack Exit status 1
14 verbose stack     at EventEmitter.<anonymous> (/usr/local/lib/node_modules/npm/lib/utils/lifecycle.js:239:16)
14 verbose stack     at emitTwo (events.js:100:13)
14 verbose stack     at EventEmitter.emit (events.js:185:7)
14 verbose stack     at ChildProcess.<anonymous> (/usr/local/lib/node_modules/npm/lib/utils/spawn.js:24:14)
14 verbose stack     at emitTwo (events.js:100:13)
14 verbose stack     at ChildProcess.emit (events.js:185:7)
14 verbose stack     at maybeClose (internal/child_process.js:850:16)
14 verbose stack     at Process.ChildProcess._handle.onexit (internal/child_process.js:215:5)
15 verbose pkgid mongo-user-test@1.0.0
16 verbose cwd /Users/justinpettit/projects/mean/stephen/mongo-user-test
17 error Darwin 15.6.0
18 error argv "/usr/local/Cellar/node/5.8.0/bin/node" "/usr/local/bin/npm" "run" "test"
19 error node v5.8.0
20 error npm  v3.7.3
21 error code ELIFECYCLE
22 error mongo-user-test@1.0.0 test: `mocha`
22 error Exit status 1
23 error Failed at the mongo-user-test@1.0.0 test script 'mocha'.
23 error Make sure you have the latest version of node.js and npm installed.
23 error If you do, this is most likely a problem with the mongo-user-test package,
23 error not with npm itself.
23 error Tell the author that this fails on your system:
23 error     mocha
23 error You can get information on how to open an issue for this project with:
23 error     npm bugs mongo-user-test
23 error Or if that isn't available, you can get their info via:
23 error     npm owner ls mongo-user-test
23 error There is likely additional logging output above.
24 verbose exit [ 1, true ]
